{
  "0 debug pnpm:scope": {
    "selected": 1
  },
  "1 error pnpm": {
    "code": "ELIFECYCLE",
    "errno": "ENOENT",
    "syscall": "spawn",
    "file": "sh",
    "pkgid": "remix-app-template@",
    "stage": "start",
    "script": "miniflare --build-command \"npm run dev:worker\" --watch",
    "pkgname": "remix-app-template",
    "err": {
      "name": "pnpm",
      "message": "remix-app-template@ start: `miniflare --build-command \"npm run dev:worker\" --watch`\nspawn ENOENT",
      "code": "ELIFECYCLE",
      "stack": "pnpm: remix-app-template@ start: `miniflare --build-command \"npm run dev:worker\" --watch`\nspawn ENOENT\n    at ChildProcess.<anonymous> (/Users/marcomafessolli/.nvm/versions/node/v16.13.0/pnpm-global/5/node_modules/.pnpm/pnpm@6.23.6/node_modules/pnpm/dist/pnpm.cjs:91462:22)\n    at ChildProcess.emit (node:events:390:28)\n    at maybeClose (node:internal/child_process:1064:16)\n    at Process.ChildProcess._handle.onexit (node:internal/child_process:301:5)"
    }
  },
  "2 warn pnpm:global": " Local package.json exists, but node_modules missing, did you mean to install?"
}